<?xml version="1.0" encoding="UTF-8"?>
<testsuite xmlns:xsi="http://www.w3.org/2001/XMLSchema-instance" xsi:noNamespaceSchemaLocation="https://maven.apache.org/surefire/maven-surefire-plugin/xsd/surefire-test-report-3.0.xsd" version="3.0" name="processtest.ProcessUnitTest" time="23.334" tests="3" errors="0" skipped="0" failures="3">
  <properties>
    <property name="java.specification.version" value="17"/>
    <property name="sun.jnu.encoding" value="UTF-8"/>
    <property name="java.class.path" value="/Users/B0295805/Downloads/camunda-http-connector-example-master/target/test-classes:/Users/B0295805/Downloads/camunda-http-connector-example-master/target/classes:/Users/B0295805/.m2/repository/org/camunda/bpm/springboot/camunda-bpm-spring-boot-starter-rest/7.17.0/camunda-bpm-spring-boot-starter-rest-7.17.0.jar:/Users/B0295805/.m2/repository/org/camunda/bpm/springboot/camunda-bpm-spring-boot-starter/7.17.0/camunda-bpm-spring-boot-starter-7.17.0.jar:/Users/B0295805/.m2/repository/org/camunda/bpm/camunda-engine-spring/7.17.0/camunda-engine-spring-7.17.0.jar:/Users/B0295805/.m2/repository/org/camunda/bpm/camunda-engine/7.17.0/camunda-engine-7.17.0.jar:/Users/B0295805/.m2/repository/org/camunda/bpm/model/camunda-bpmn-model/7.17.0/camunda-bpmn-model-7.17.0.jar:/Users/B0295805/.m2/repository/org/camunda/bpm/model/camunda-xml-model/7.17.0/camunda-xml-model-7.17.0.jar:/Users/B0295805/.m2/repository/org/camunda/bpm/model/camunda-cmmn-model/7.17.0/camunda-cmmn-model-7.17.0.jar:/Users/B0295805/.m2/repository/org/camunda/bpm/dmn/camunda-engine-dmn/7.17.0/camunda-engine-dmn-7.17.0.jar:/Users/B0295805/.m2/repository/org/camunda/bpm/model/camunda-dmn-model/7.17.0/camunda-dmn-model-7.17.0.jar:/Users/B0295805/.m2/repository/org/camunda/bpm/dmn/camunda-engine-feel-api/7.17.0/camunda-engine-feel-api-7.17.0.jar:/Users/B0295805/.m2/repository/org/camunda/bpm/dmn/camunda-engine-feel-juel/7.17.0/camunda-engine-feel-juel-7.17.0.jar:/Users/B0295805/.m2/repository/org/camunda/bpm/dmn/camunda-engine-feel-scala/7.17.0/camunda-engine-feel-scala-7.17.0.jar:/Users/B0295805/.m2/repository/org/camunda/feel/feel-engine/1.13.3/feel-engine-1.13.3-scala-shaded.jar:/Users/B0295805/.m2/repository/org/camunda/commons/camunda-commons-typed-values/7.17.0/camunda-commons-typed-values-7.17.0.jar:/Users/B0295805/.m2/repository/org/mybatis/mybatis/3.5.6/mybatis-3.5.6.jar:/Users/B0295805/.m2/repository/joda-time/joda-time/2.1/joda-time-2.1.jar:/Users/B0295805/.m2/repository/org/camunda/connect/camunda-connect-connectors-all/1.5.2/camunda-connect-connectors-all-1.5.2.jar:/Users/B0295805/.m2/repository/org/springframework/spring-context/5.3.18/spring-context-5.3.18.jar:/Users/B0295805/.m2/repository/org/springframework/spring-aop/5.3.18/spring-aop-5.3.18.jar:/Users/B0295805/.m2/repository/org/springframework/spring-beans/5.3.18/spring-beans-5.3.18.jar:/Users/B0295805/.m2/repository/org/springframework/spring-expression/5.3.18/spring-expression-5.3.18.jar:/Users/B0295805/.m2/repository/org/springframework/spring-jdbc/5.3.18/spring-jdbc-5.3.18.jar:/Users/B0295805/.m2/repository/org/springframework/spring-tx/5.3.18/spring-tx-5.3.18.jar:/Users/B0295805/.m2/repository/org/springframework/spring-orm/5.3.18/spring-orm-5.3.18.jar:/Users/B0295805/.m2/repository/org/springframework/boot/spring-boot-autoconfigure/2.6.6/spring-boot-autoconfigure-2.6.6.jar:/Users/B0295805/.m2/repository/org/apache/commons/commons-lang3/3.12.0/commons-lang3-3.12.0.jar:/Users/B0295805/.m2/repository/com/fasterxml/uuid/java-uuid-generator/3.2.0/java-uuid-generator-3.2.0.jar:/Users/B0295805/.m2/repository/com/sun/xml/bind/jaxb-impl/2.3.6/jaxb-impl-2.3.6.jar:/Users/B0295805/.m2/repository/com/sun/activation/jakarta.activation/1.2.2/jakarta.activation-1.2.2.jar:/Users/B0295805/.m2/repository/org/camunda/bpm/camunda-engine-rest-jaxrs2/7.17.0/camunda-engine-rest-jaxrs2-7.17.0.jar:/Users/B0295805/.m2/repository/commons-fileupload/commons-fileupload/1.4/commons-fileupload-1.4.jar:/Users/B0295805/.m2/repository/commons-io/commons-io/2.8.0/commons-io-2.8.0.jar:/Users/B0295805/.m2/repository/com/fasterxml/jackson/jaxrs/jackson-jaxrs-json-provider/2.13.2/jackson-jaxrs-json-provider-2.13.2.jar:/Users/B0295805/.m2/repository/com/fasterxml/jackson/jaxrs/jackson-jaxrs-base/2.13.2/jackson-jaxrs-base-2.13.2.jar:/Users/B0295805/.m2/repository/com/fasterxml/jackson/module/jackson-module-jaxb-annotations/2.13.2/jackson-module-jaxb-annotations-2.13.2.jar:/Users/B0295805/.m2/repository/com/fasterxml/jackson/core/jackson-annotations/2.13.2/jackson-annotations-2.13.2.jar:/Users/B0295805/.m2/repository/com/fasterxml/jackson/datatype/jackson-datatype-jsr310/2.13.2/jackson-datatype-jsr310-2.13.2.jar:/Users/B0295805/.m2/repository/org/springframework/boot/spring-boot-starter-jersey/2.6.6/spring-boot-starter-jersey-2.6.6.jar:/Users/B0295805/.m2/repository/org/springframework/boot/spring-boot-starter-json/2.6.6/spring-boot-starter-json-2.6.6.jar:/Users/B0295805/.m2/repository/com/fasterxml/jackson/datatype/jackson-datatype-jdk8/2.13.2/jackson-datatype-jdk8-2.13.2.jar:/Users/B0295805/.m2/repository/com/fasterxml/jackson/module/jackson-module-parameter-names/2.13.2/jackson-module-parameter-names-2.13.2.jar:/Users/B0295805/.m2/repository/org/springframework/boot/spring-boot-starter-tomcat/2.6.6/spring-boot-starter-tomcat-2.6.6.jar:/Users/B0295805/.m2/repository/org/apache/tomcat/embed/tomcat-embed-core/9.0.60/tomcat-embed-core-9.0.60.jar:/Users/B0295805/.m2/repository/org/apache/tomcat/embed/tomcat-embed-el/9.0.60/tomcat-embed-el-9.0.60.jar:/Users/B0295805/.m2/repository/org/apache/tomcat/embed/tomcat-embed-websocket/9.0.60/tomcat-embed-websocket-9.0.60.jar:/Users/B0295805/.m2/repository/org/springframework/boot/spring-boot-starter-validation/2.6.6/spring-boot-starter-validation-2.6.6.jar:/Users/B0295805/.m2/repository/org/hibernate/validator/hibernate-validator/6.2.3.Final/hibernate-validator-6.2.3.Final.jar:/Users/B0295805/.m2/repository/org/jboss/logging/jboss-logging/3.4.3.Final/jboss-logging-3.4.3.Final.jar:/Users/B0295805/.m2/repository/com/fasterxml/classmate/1.5.1/classmate-1.5.1.jar:/Users/B0295805/.m2/repository/org/springframework/spring-web/5.3.18/spring-web-5.3.18.jar:/Users/B0295805/.m2/repository/org/glassfish/jersey/core/jersey-server/2.35/jersey-server-2.35.jar:/Users/B0295805/.m2/repository/org/glassfish/jersey/core/jersey-common/2.35/jersey-common-2.35.jar:/Users/B0295805/.m2/repository/org/glassfish/hk2/osgi-resource-locator/1.0.3/osgi-resource-locator-1.0.3.jar:/Users/B0295805/.m2/repository/org/glassfish/jersey/core/jersey-client/2.35/jersey-client-2.35.jar:/Users/B0295805/.m2/repository/jakarta/ws/rs/jakarta.ws.rs-api/2.1.6/jakarta.ws.rs-api-2.1.6.jar:/Users/B0295805/.m2/repository/org/glassfish/hk2/external/jakarta.inject/2.6.1/jakarta.inject-2.6.1.jar:/Users/B0295805/.m2/repository/jakarta/validation/jakarta.validation-api/2.0.2/jakarta.validation-api-2.0.2.jar:/Users/B0295805/.m2/repository/org/glassfish/jersey/containers/jersey-container-servlet-core/2.35/jersey-container-servlet-core-2.35.jar:/Users/B0295805/.m2/repository/org/glassfish/jersey/containers/jersey-container-servlet/2.35/jersey-container-servlet-2.35.jar:/Users/B0295805/.m2/repository/org/glassfish/jersey/ext/jersey-bean-validation/2.35/jersey-bean-validation-2.35.jar:/Users/B0295805/.m2/repository/org/glassfish/jersey/ext/jersey-spring5/2.35/jersey-spring5-2.35.jar:/Users/B0295805/.m2/repository/org/glassfish/jersey/inject/jersey-hk2/2.35/jersey-hk2-2.35.jar:/Users/B0295805/.m2/repository/org/glassfish/hk2/hk2-locator/2.6.1/hk2-locator-2.6.1.jar:/Users/B0295805/.m2/repository/org/glassfish/hk2/external/aopalliance-repackaged/2.6.1/aopalliance-repackaged-2.6.1.jar:/Users/B0295805/.m2/repository/org/javassist/javassist/3.25.0-GA/javassist-3.25.0-GA.jar:/Users/B0295805/.m2/repository/org/glassfish/hk2/hk2/2.6.1/hk2-2.6.1.jar:/Users/B0295805/.m2/repository/org/glassfish/hk2/hk2-utils/2.6.1/hk2-utils-2.6.1.jar:/Users/B0295805/.m2/repository/org/glassfish/hk2/hk2-api/2.6.1/hk2-api-2.6.1.jar:/Users/B0295805/.m2/repository/org/glassfish/hk2/hk2-core/2.6.1/hk2-core-2.6.1.jar:/Users/B0295805/.m2/repository/org/glassfish/hk2/hk2-runlevel/2.6.1/hk2-runlevel-2.6.1.jar:/Users/B0295805/.m2/repository/org/glassfish/hk2/class-model/2.6.1/class-model-2.6.1.jar:/Users/B0295805/.m2/repository/org/glassfish/hk2/spring-bridge/2.6.1/spring-bridge-2.6.1.jar:/Users/B0295805/.m2/repository/org/glassfish/jersey/media/jersey-media-json-jackson/2.35/jersey-media-json-jackson-2.35.jar:/Users/B0295805/.m2/repository/org/glassfish/jersey/ext/jersey-entity-filtering/2.35/jersey-entity-filtering-2.35.jar:/Users/B0295805/.m2/repository/org/camunda/bpm/springboot/camunda-bpm-spring-boot-starter-webapp/7.17.0/camunda-bpm-spring-boot-starter-webapp-7.17.0.jar:/Users/B0295805/.m2/repository/org/camunda/bpm/springboot/camunda-bpm-spring-boot-starter-webapp-core/7.17.0/camunda-bpm-spring-boot-starter-webapp-core-7.17.0.jar:/Users/B0295805/.m2/repository/org/camunda/bpm/webapp/camunda-webapp/7.17.0/camunda-webapp-7.17.0-classes.jar:/Users/B0295805/.m2/repository/org/springframework/boot/spring-boot-starter-web/2.6.6/spring-boot-starter-web-2.6.6.jar:/Users/B0295805/.m2/repository/org/springframework/spring-webmvc/5.3.18/spring-webmvc-5.3.18.jar:/Users/B0295805/.m2/repository/org/camunda/bpm/webapp/camunda-webapp-webjar/7.17.0/camunda-webapp-webjar-7.17.0.jar:/Users/B0295805/.m2/repository/com/h2database/h2/1.4.200/h2-1.4.200.jar:/Users/B0295805/.m2/repository/org/camunda/bpm/camunda-engine-plugin-connect/7.17.0/camunda-engine-plugin-connect-7.17.0.jar:/Users/B0295805/.m2/repository/org/camunda/connect/camunda-connect-core/1.5.2/camunda-connect-core-1.5.2.jar:/Users/B0295805/.m2/repository/org/camunda/connect/camunda-connect-http-client/1.5.2/camunda-connect-http-client-1.5.2.jar:/Users/B0295805/.m2/repository/org/apache/httpcomponents/httpclient/4.5.13/httpclient-4.5.13.jar:/Users/B0295805/.m2/repository/org/apache/httpcomponents/httpcore/4.4.15/httpcore-4.4.15.jar:/Users/B0295805/.m2/repository/commons-codec/commons-codec/1.15/commons-codec-1.15.jar:/Users/B0295805/.m2/repository/org/camunda/bpm/camunda-engine-plugin-spin/7.17.0/camunda-engine-plugin-spin-7.17.0.jar:/Users/B0295805/.m2/repository/org/camunda/spin/camunda-spin-core/1.14.0/camunda-spin-core-1.14.0.jar:/Users/B0295805/.m2/repository/org/camunda/spin/camunda-spin-dataformat-json-jackson/1.14.0/camunda-spin-dataformat-json-jackson-1.14.0.jar:/Users/B0295805/.m2/repository/org/camunda/commons/camunda-commons-logging/1.10.0/camunda-commons-logging-1.10.0.jar:/Users/B0295805/.m2/repository/org/slf4j/slf4j-api/1.7.36/slf4j-api-1.7.36.jar:/Users/B0295805/.m2/repository/org/camunda/commons/camunda-commons-utils/1.10.0/camunda-commons-utils-1.10.0.jar:/Users/B0295805/.m2/repository/com/fasterxml/jackson/core/jackson-core/2.13.2/jackson-core-2.13.2.jar:/Users/B0295805/.m2/repository/com/fasterxml/jackson/core/jackson-databind/2.13.2.2/jackson-databind-2.13.2.2.jar:/Users/B0295805/.m2/repository/com/jayway/jsonpath/json-path/2.6.0/json-path-2.6.0.jar:/Users/B0295805/.m2/repository/net/minidev/json-smart/2.4.8/json-smart-2.4.8.jar:/Users/B0295805/.m2/repository/net/minidev/accessors-smart/2.4.8/accessors-smart-2.4.8.jar:/Users/B0295805/.m2/repository/org/springframework/boot/spring-boot-starter-test/2.6.6/spring-boot-starter-test-2.6.6.jar:/Users/B0295805/.m2/repository/org/springframework/boot/spring-boot-starter/2.6.6/spring-boot-starter-2.6.6.jar:/Users/B0295805/.m2/repository/org/springframework/boot/spring-boot/2.6.6/spring-boot-2.6.6.jar:/Users/B0295805/.m2/repository/org/springframework/boot/spring-boot-starter-logging/2.6.6/spring-boot-starter-logging-2.6.6.jar:/Users/B0295805/.m2/repository/ch/qos/logback/logback-classic/1.2.11/logback-classic-1.2.11.jar:/Users/B0295805/.m2/repository/ch/qos/logback/logback-core/1.2.11/logback-core-1.2.11.jar:/Users/B0295805/.m2/repository/org/apache/logging/log4j/log4j-to-slf4j/2.17.2/log4j-to-slf4j-2.17.2.jar:/Users/B0295805/.m2/repository/org/apache/logging/log4j/log4j-api/2.17.2/log4j-api-2.17.2.jar:/Users/B0295805/.m2/repository/org/slf4j/jul-to-slf4j/1.7.36/jul-to-slf4j-1.7.36.jar:/Users/B0295805/.m2/repository/jakarta/annotation/jakarta.annotation-api/1.3.5/jakarta.annotation-api-1.3.5.jar:/Users/B0295805/.m2/repository/org/yaml/snakeyaml/1.29/snakeyaml-1.29.jar:/Users/B0295805/.m2/repository/org/springframework/boot/spring-boot-test/2.6.6/spring-boot-test-2.6.6.jar:/Users/B0295805/.m2/repository/org/springframework/boot/spring-boot-test-autoconfigure/2.6.6/spring-boot-test-autoconfigure-2.6.6.jar:/Users/B0295805/.m2/repository/jakarta/xml/bind/jakarta.xml.bind-api/2.3.3/jakarta.xml.bind-api-2.3.3.jar:/Users/B0295805/.m2/repository/jakarta/activation/jakarta.activation-api/1.2.2/jakarta.activation-api-1.2.2.jar:/Users/B0295805/.m2/repository/org/assertj/assertj-core/3.21.0/assertj-core-3.21.0.jar:/Users/B0295805/.m2/repository/org/hamcrest/hamcrest/2.2/hamcrest-2.2.jar:/Users/B0295805/.m2/repository/org/junit/jupiter/junit-jupiter/5.8.2/junit-jupiter-5.8.2.jar:/Users/B0295805/.m2/repository/org/junit/jupiter/junit-jupiter-api/5.8.2/junit-jupiter-api-5.8.2.jar:/Users/B0295805/.m2/repository/org/opentest4j/opentest4j/1.2.0/opentest4j-1.2.0.jar:/Users/B0295805/.m2/repository/org/junit/platform/junit-platform-commons/1.8.2/junit-platform-commons-1.8.2.jar:/Users/B0295805/.m2/repository/org/junit/jupiter/junit-jupiter-params/5.8.2/junit-jupiter-params-5.8.2.jar:/Users/B0295805/.m2/repository/org/junit/jupiter/junit-jupiter-engine/5.8.2/junit-jupiter-engine-5.8.2.jar:/Users/B0295805/.m2/repository/org/mockito/mockito-core/4.0.0/mockito-core-4.0.0.jar:/Users/B0295805/.m2/repository/net/bytebuddy/byte-buddy/1.11.22/byte-buddy-1.11.22.jar:/Users/B0295805/.m2/repository/net/bytebuddy/byte-buddy-agent/1.11.22/byte-buddy-agent-1.11.22.jar:/Users/B0295805/.m2/repository/org/objenesis/objenesis/3.2/objenesis-3.2.jar:/Users/B0295805/.m2/repository/org/mockito/mockito-junit-jupiter/4.0.0/mockito-junit-jupiter-4.0.0.jar:/Users/B0295805/.m2/repository/org/skyscreamer/jsonassert/1.5.0/jsonassert-1.5.0.jar:/Users/B0295805/.m2/repository/com/vaadin/external/google/android-json/0.0.20131108.vaadin1/android-json-0.0.20131108.vaadin1.jar:/Users/B0295805/.m2/repository/org/springframework/spring-core/5.3.18/spring-core-5.3.18.jar:/Users/B0295805/.m2/repository/org/springframework/spring-jcl/5.3.18/spring-jcl-5.3.18.jar:/Users/B0295805/.m2/repository/org/springframework/spring-test/5.3.18/spring-test-5.3.18.jar:/Users/B0295805/.m2/repository/org/xmlunit/xmlunit-core/2.8.4/xmlunit-core-2.8.4.jar:/Users/B0295805/.m2/repository/org/camunda/bpm/springboot/camunda-bpm-spring-boot-starter-test/7.17.0/camunda-bpm-spring-boot-starter-test-7.17.0.jar:/Users/B0295805/.m2/repository/org/junit/vintage/junit-vintage-engine/5.8.2/junit-vintage-engine-5.8.2.jar:/Users/B0295805/.m2/repository/org/junit/platform/junit-platform-engine/1.8.2/junit-platform-engine-1.8.2.jar:/Users/B0295805/.m2/repository/junit/junit/4.13.2/junit-4.13.2.jar:/Users/B0295805/.m2/repository/org/apiguardian/apiguardian-api/1.1.2/apiguardian-api-1.1.2.jar:/Users/B0295805/.m2/repository/org/camunda/bpm/camunda-bpm-assert/7.17.0/camunda-bpm-assert-7.17.0.jar:/Users/B0295805/.m2/repository/org/graalvm/js/js-scriptengine/20.2.0/js-scriptengine-20.2.0.jar:/Users/B0295805/.m2/repository/org/graalvm/sdk/graal-sdk/20.2.0/graal-sdk-20.2.0.jar:/Users/B0295805/.m2/repository/org/graalvm/js/js/20.2.0/js-20.2.0.jar:/Users/B0295805/.m2/repository/org/graalvm/regex/regex/20.2.0/regex-20.2.0.jar:/Users/B0295805/.m2/repository/org/graalvm/truffle/truffle-api/20.2.0/truffle-api-20.2.0.jar:/Users/B0295805/.m2/repository/org/ow2/asm/asm/7.1/asm-7.1.jar:/Users/B0295805/.m2/repository/org/ow2/asm/asm-tree/7.1/asm-tree-7.1.jar:/Users/B0295805/.m2/repository/org/ow2/asm/asm-analysis/7.1/asm-analysis-7.1.jar:/Users/B0295805/.m2/repository/org/ow2/asm/asm-commons/7.1/asm-commons-7.1.jar:/Users/B0295805/.m2/repository/org/ow2/asm/asm-util/7.1/asm-util-7.1.jar:/Users/B0295805/.m2/repository/com/ibm/icu/icu4j/67.1/icu4j-67.1.jar:"/>
    <property name="java.vm.vendor" value="Eclipse Adoptium"/>
    <property name="sun.arch.data.model" value="64"/>
    <property name="java.vendor.url" value="https://adoptium.net/"/>
    <property name="user.timezone" value="Asia/Kolkata"/>
    <property name="os.name" value="Mac OS X"/>
    <property name="java.vm.specification.version" value="17"/>
    <property name="sun.java.launcher" value="SUN_STANDARD"/>
    <property name="user.country" value="IN"/>
    <property name="sun.boot.library.path" value="/Applications/SpringToolSuite4.app/Contents/Eclipse/plugins/org.eclipse.justj.openjdk.hotspot.jre.full.macosx.x86_64_17.0.7.v20230425-1502/jre/lib"/>
    <property name="sun.java.command" value="/Users/B0295805/Downloads/camunda-http-connector-example-master/target/surefire/surefirebooter-20240903171738262_3.jar /Users/B0295805/Downloads/camunda-http-connector-example-master/target/surefire 2024-09-03T17-17-38_155-jvmRun1 surefire-20240903171738262_1tmp surefire_0-20240903171738262_2tmp"/>
    <property name="http.nonProxyHosts" value="local|*.local| 169.254/16|*. 169.254/16"/>
    <property name="jdk.debug" value="release"/>
    <property name="surefire.test.class.path" value="/Users/B0295805/Downloads/camunda-http-connector-example-master/target/test-classes:/Users/B0295805/Downloads/camunda-http-connector-example-master/target/classes:/Users/B0295805/.m2/repository/org/camunda/bpm/springboot/camunda-bpm-spring-boot-starter-rest/7.17.0/camunda-bpm-spring-boot-starter-rest-7.17.0.jar:/Users/B0295805/.m2/repository/org/camunda/bpm/springboot/camunda-bpm-spring-boot-starter/7.17.0/camunda-bpm-spring-boot-starter-7.17.0.jar:/Users/B0295805/.m2/repository/org/camunda/bpm/camunda-engine-spring/7.17.0/camunda-engine-spring-7.17.0.jar:/Users/B0295805/.m2/repository/org/camunda/bpm/camunda-engine/7.17.0/camunda-engine-7.17.0.jar:/Users/B0295805/.m2/repository/org/camunda/bpm/model/camunda-bpmn-model/7.17.0/camunda-bpmn-model-7.17.0.jar:/Users/B0295805/.m2/repository/org/camunda/bpm/model/camunda-xml-model/7.17.0/camunda-xml-model-7.17.0.jar:/Users/B0295805/.m2/repository/org/camunda/bpm/model/camunda-cmmn-model/7.17.0/camunda-cmmn-model-7.17.0.jar:/Users/B0295805/.m2/repository/org/camunda/bpm/dmn/camunda-engine-dmn/7.17.0/camunda-engine-dmn-7.17.0.jar:/Users/B0295805/.m2/repository/org/camunda/bpm/model/camunda-dmn-model/7.17.0/camunda-dmn-model-7.17.0.jar:/Users/B0295805/.m2/repository/org/camunda/bpm/dmn/camunda-engine-feel-api/7.17.0/camunda-engine-feel-api-7.17.0.jar:/Users/B0295805/.m2/repository/org/camunda/bpm/dmn/camunda-engine-feel-juel/7.17.0/camunda-engine-feel-juel-7.17.0.jar:/Users/B0295805/.m2/repository/org/camunda/bpm/dmn/camunda-engine-feel-scala/7.17.0/camunda-engine-feel-scala-7.17.0.jar:/Users/B0295805/.m2/repository/org/camunda/feel/feel-engine/1.13.3/feel-engine-1.13.3-scala-shaded.jar:/Users/B0295805/.m2/repository/org/camunda/commons/camunda-commons-typed-values/7.17.0/camunda-commons-typed-values-7.17.0.jar:/Users/B0295805/.m2/repository/org/mybatis/mybatis/3.5.6/mybatis-3.5.6.jar:/Users/B0295805/.m2/repository/joda-time/joda-time/2.1/joda-time-2.1.jar:/Users/B0295805/.m2/repository/org/camunda/connect/camunda-connect-connectors-all/1.5.2/camunda-connect-connectors-all-1.5.2.jar:/Users/B0295805/.m2/repository/org/springframework/spring-context/5.3.18/spring-context-5.3.18.jar:/Users/B0295805/.m2/repository/org/springframework/spring-aop/5.3.18/spring-aop-5.3.18.jar:/Users/B0295805/.m2/repository/org/springframework/spring-beans/5.3.18/spring-beans-5.3.18.jar:/Users/B0295805/.m2/repository/org/springframework/spring-expression/5.3.18/spring-expression-5.3.18.jar:/Users/B0295805/.m2/repository/org/springframework/spring-jdbc/5.3.18/spring-jdbc-5.3.18.jar:/Users/B0295805/.m2/repository/org/springframework/spring-tx/5.3.18/spring-tx-5.3.18.jar:/Users/B0295805/.m2/repository/org/springframework/spring-orm/5.3.18/spring-orm-5.3.18.jar:/Users/B0295805/.m2/repository/org/springframework/boot/spring-boot-autoconfigure/2.6.6/spring-boot-autoconfigure-2.6.6.jar:/Users/B0295805/.m2/repository/org/apache/commons/commons-lang3/3.12.0/commons-lang3-3.12.0.jar:/Users/B0295805/.m2/repository/com/fasterxml/uuid/java-uuid-generator/3.2.0/java-uuid-generator-3.2.0.jar:/Users/B0295805/.m2/repository/com/sun/xml/bind/jaxb-impl/2.3.6/jaxb-impl-2.3.6.jar:/Users/B0295805/.m2/repository/com/sun/activation/jakarta.activation/1.2.2/jakarta.activation-1.2.2.jar:/Users/B0295805/.m2/repository/org/camunda/bpm/camunda-engine-rest-jaxrs2/7.17.0/camunda-engine-rest-jaxrs2-7.17.0.jar:/Users/B0295805/.m2/repository/commons-fileupload/commons-fileupload/1.4/commons-fileupload-1.4.jar:/Users/B0295805/.m2/repository/commons-io/commons-io/2.8.0/commons-io-2.8.0.jar:/Users/B0295805/.m2/repository/com/fasterxml/jackson/jaxrs/jackson-jaxrs-json-provider/2.13.2/jackson-jaxrs-json-provider-2.13.2.jar:/Users/B0295805/.m2/repository/com/fasterxml/jackson/jaxrs/jackson-jaxrs-base/2.13.2/jackson-jaxrs-base-2.13.2.jar:/Users/B0295805/.m2/repository/com/fasterxml/jackson/module/jackson-module-jaxb-annotations/2.13.2/jackson-module-jaxb-annotations-2.13.2.jar:/Users/B0295805/.m2/repository/com/fasterxml/jackson/core/jackson-annotations/2.13.2/jackson-annotations-2.13.2.jar:/Users/B0295805/.m2/repository/com/fasterxml/jackson/datatype/jackson-datatype-jsr310/2.13.2/jackson-datatype-jsr310-2.13.2.jar:/Users/B0295805/.m2/repository/org/springframework/boot/spring-boot-starter-jersey/2.6.6/spring-boot-starter-jersey-2.6.6.jar:/Users/B0295805/.m2/repository/org/springframework/boot/spring-boot-starter-json/2.6.6/spring-boot-starter-json-2.6.6.jar:/Users/B0295805/.m2/repository/com/fasterxml/jackson/datatype/jackson-datatype-jdk8/2.13.2/jackson-datatype-jdk8-2.13.2.jar:/Users/B0295805/.m2/repository/com/fasterxml/jackson/module/jackson-module-parameter-names/2.13.2/jackson-module-parameter-names-2.13.2.jar:/Users/B0295805/.m2/repository/org/springframework/boot/spring-boot-starter-tomcat/2.6.6/spring-boot-starter-tomcat-2.6.6.jar:/Users/B0295805/.m2/repository/org/apache/tomcat/embed/tomcat-embed-core/9.0.60/tomcat-embed-core-9.0.60.jar:/Users/B0295805/.m2/repository/org/apache/tomcat/embed/tomcat-embed-el/9.0.60/tomcat-embed-el-9.0.60.jar:/Users/B0295805/.m2/repository/org/apache/tomcat/embed/tomcat-embed-websocket/9.0.60/tomcat-embed-websocket-9.0.60.jar:/Users/B0295805/.m2/repository/org/springframework/boot/spring-boot-starter-validation/2.6.6/spring-boot-starter-validation-2.6.6.jar:/Users/B0295805/.m2/repository/org/hibernate/validator/hibernate-validator/6.2.3.Final/hibernate-validator-6.2.3.Final.jar:/Users/B0295805/.m2/repository/org/jboss/logging/jboss-logging/3.4.3.Final/jboss-logging-3.4.3.Final.jar:/Users/B0295805/.m2/repository/com/fasterxml/classmate/1.5.1/classmate-1.5.1.jar:/Users/B0295805/.m2/repository/org/springframework/spring-web/5.3.18/spring-web-5.3.18.jar:/Users/B0295805/.m2/repository/org/glassfish/jersey/core/jersey-server/2.35/jersey-server-2.35.jar:/Users/B0295805/.m2/repository/org/glassfish/jersey/core/jersey-common/2.35/jersey-common-2.35.jar:/Users/B0295805/.m2/repository/org/glassfish/hk2/osgi-resource-locator/1.0.3/osgi-resource-locator-1.0.3.jar:/Users/B0295805/.m2/repository/org/glassfish/jersey/core/jersey-client/2.35/jersey-client-2.35.jar:/Users/B0295805/.m2/repository/jakarta/ws/rs/jakarta.ws.rs-api/2.1.6/jakarta.ws.rs-api-2.1.6.jar:/Users/B0295805/.m2/repository/org/glassfish/hk2/external/jakarta.inject/2.6.1/jakarta.inject-2.6.1.jar:/Users/B0295805/.m2/repository/jakarta/validation/jakarta.validation-api/2.0.2/jakarta.validation-api-2.0.2.jar:/Users/B0295805/.m2/repository/org/glassfish/jersey/containers/jersey-container-servlet-core/2.35/jersey-container-servlet-core-2.35.jar:/Users/B0295805/.m2/repository/org/glassfish/jersey/containers/jersey-container-servlet/2.35/jersey-container-servlet-2.35.jar:/Users/B0295805/.m2/repository/org/glassfish/jersey/ext/jersey-bean-validation/2.35/jersey-bean-validation-2.35.jar:/Users/B0295805/.m2/repository/org/glassfish/jersey/ext/jersey-spring5/2.35/jersey-spring5-2.35.jar:/Users/B0295805/.m2/repository/org/glassfish/jersey/inject/jersey-hk2/2.35/jersey-hk2-2.35.jar:/Users/B0295805/.m2/repository/org/glassfish/hk2/hk2-locator/2.6.1/hk2-locator-2.6.1.jar:/Users/B0295805/.m2/repository/org/glassfish/hk2/external/aopalliance-repackaged/2.6.1/aopalliance-repackaged-2.6.1.jar:/Users/B0295805/.m2/repository/org/javassist/javassist/3.25.0-GA/javassist-3.25.0-GA.jar:/Users/B0295805/.m2/repository/org/glassfish/hk2/hk2/2.6.1/hk2-2.6.1.jar:/Users/B0295805/.m2/repository/org/glassfish/hk2/hk2-utils/2.6.1/hk2-utils-2.6.1.jar:/Users/B0295805/.m2/repository/org/glassfish/hk2/hk2-api/2.6.1/hk2-api-2.6.1.jar:/Users/B0295805/.m2/repository/org/glassfish/hk2/hk2-core/2.6.1/hk2-core-2.6.1.jar:/Users/B0295805/.m2/repository/org/glassfish/hk2/hk2-runlevel/2.6.1/hk2-runlevel-2.6.1.jar:/Users/B0295805/.m2/repository/org/glassfish/hk2/class-model/2.6.1/class-model-2.6.1.jar:/Users/B0295805/.m2/repository/org/glassfish/hk2/spring-bridge/2.6.1/spring-bridge-2.6.1.jar:/Users/B0295805/.m2/repository/org/glassfish/jersey/media/jersey-media-json-jackson/2.35/jersey-media-json-jackson-2.35.jar:/Users/B0295805/.m2/repository/org/glassfish/jersey/ext/jersey-entity-filtering/2.35/jersey-entity-filtering-2.35.jar:/Users/B0295805/.m2/repository/org/camunda/bpm/springboot/camunda-bpm-spring-boot-starter-webapp/7.17.0/camunda-bpm-spring-boot-starter-webapp-7.17.0.jar:/Users/B0295805/.m2/repository/org/camunda/bpm/springboot/camunda-bpm-spring-boot-starter-webapp-core/7.17.0/camunda-bpm-spring-boot-starter-webapp-core-7.17.0.jar:/Users/B0295805/.m2/repository/org/camunda/bpm/webapp/camunda-webapp/7.17.0/camunda-webapp-7.17.0-classes.jar:/Users/B0295805/.m2/repository/org/springframework/boot/spring-boot-starter-web/2.6.6/spring-boot-starter-web-2.6.6.jar:/Users/B0295805/.m2/repository/org/springframework/spring-webmvc/5.3.18/spring-webmvc-5.3.18.jar:/Users/B0295805/.m2/repository/org/camunda/bpm/webapp/camunda-webapp-webjar/7.17.0/camunda-webapp-webjar-7.17.0.jar:/Users/B0295805/.m2/repository/com/h2database/h2/1.4.200/h2-1.4.200.jar:/Users/B0295805/.m2/repository/org/camunda/bpm/camunda-engine-plugin-connect/7.17.0/camunda-engine-plugin-connect-7.17.0.jar:/Users/B0295805/.m2/repository/org/camunda/connect/camunda-connect-core/1.5.2/camunda-connect-core-1.5.2.jar:/Users/B0295805/.m2/repository/org/camunda/connect/camunda-connect-http-client/1.5.2/camunda-connect-http-client-1.5.2.jar:/Users/B0295805/.m2/repository/org/apache/httpcomponents/httpclient/4.5.13/httpclient-4.5.13.jar:/Users/B0295805/.m2/repository/org/apache/httpcomponents/httpcore/4.4.15/httpcore-4.4.15.jar:/Users/B0295805/.m2/repository/commons-codec/commons-codec/1.15/commons-codec-1.15.jar:/Users/B0295805/.m2/repository/org/camunda/bpm/camunda-engine-plugin-spin/7.17.0/camunda-engine-plugin-spin-7.17.0.jar:/Users/B0295805/.m2/repository/org/camunda/spin/camunda-spin-core/1.14.0/camunda-spin-core-1.14.0.jar:/Users/B0295805/.m2/repository/org/camunda/spin/camunda-spin-dataformat-json-jackson/1.14.0/camunda-spin-dataformat-json-jackson-1.14.0.jar:/Users/B0295805/.m2/repository/org/camunda/commons/camunda-commons-logging/1.10.0/camunda-commons-logging-1.10.0.jar:/Users/B0295805/.m2/repository/org/slf4j/slf4j-api/1.7.36/slf4j-api-1.7.36.jar:/Users/B0295805/.m2/repository/org/camunda/commons/camunda-commons-utils/1.10.0/camunda-commons-utils-1.10.0.jar:/Users/B0295805/.m2/repository/com/fasterxml/jackson/core/jackson-core/2.13.2/jackson-core-2.13.2.jar:/Users/B0295805/.m2/repository/com/fasterxml/jackson/core/jackson-databind/2.13.2.2/jackson-databind-2.13.2.2.jar:/Users/B0295805/.m2/repository/com/jayway/jsonpath/json-path/2.6.0/json-path-2.6.0.jar:/Users/B0295805/.m2/repository/net/minidev/json-smart/2.4.8/json-smart-2.4.8.jar:/Users/B0295805/.m2/repository/net/minidev/accessors-smart/2.4.8/accessors-smart-2.4.8.jar:/Users/B0295805/.m2/repository/org/springframework/boot/spring-boot-starter-test/2.6.6/spring-boot-starter-test-2.6.6.jar:/Users/B0295805/.m2/repository/org/springframework/boot/spring-boot-starter/2.6.6/spring-boot-starter-2.6.6.jar:/Users/B0295805/.m2/repository/org/springframework/boot/spring-boot/2.6.6/spring-boot-2.6.6.jar:/Users/B0295805/.m2/repository/org/springframework/boot/spring-boot-starter-logging/2.6.6/spring-boot-starter-logging-2.6.6.jar:/Users/B0295805/.m2/repository/ch/qos/logback/logback-classic/1.2.11/logback-classic-1.2.11.jar:/Users/B0295805/.m2/repository/ch/qos/logback/logback-core/1.2.11/logback-core-1.2.11.jar:/Users/B0295805/.m2/repository/org/apache/logging/log4j/log4j-to-slf4j/2.17.2/log4j-to-slf4j-2.17.2.jar:/Users/B0295805/.m2/repository/org/apache/logging/log4j/log4j-api/2.17.2/log4j-api-2.17.2.jar:/Users/B0295805/.m2/repository/org/slf4j/jul-to-slf4j/1.7.36/jul-to-slf4j-1.7.36.jar:/Users/B0295805/.m2/repository/jakarta/annotation/jakarta.annotation-api/1.3.5/jakarta.annotation-api-1.3.5.jar:/Users/B0295805/.m2/repository/org/yaml/snakeyaml/1.29/snakeyaml-1.29.jar:/Users/B0295805/.m2/repository/org/springframework/boot/spring-boot-test/2.6.6/spring-boot-test-2.6.6.jar:/Users/B0295805/.m2/repository/org/springframework/boot/spring-boot-test-autoconfigure/2.6.6/spring-boot-test-autoconfigure-2.6.6.jar:/Users/B0295805/.m2/repository/jakarta/xml/bind/jakarta.xml.bind-api/2.3.3/jakarta.xml.bind-api-2.3.3.jar:/Users/B0295805/.m2/repository/jakarta/activation/jakarta.activation-api/1.2.2/jakarta.activation-api-1.2.2.jar:/Users/B0295805/.m2/repository/org/assertj/assertj-core/3.21.0/assertj-core-3.21.0.jar:/Users/B0295805/.m2/repository/org/hamcrest/hamcrest/2.2/hamcrest-2.2.jar:/Users/B0295805/.m2/repository/org/junit/jupiter/junit-jupiter/5.8.2/junit-jupiter-5.8.2.jar:/Users/B0295805/.m2/repository/org/junit/jupiter/junit-jupiter-api/5.8.2/junit-jupiter-api-5.8.2.jar:/Users/B0295805/.m2/repository/org/opentest4j/opentest4j/1.2.0/opentest4j-1.2.0.jar:/Users/B0295805/.m2/repository/org/junit/platform/junit-platform-commons/1.8.2/junit-platform-commons-1.8.2.jar:/Users/B0295805/.m2/repository/org/junit/jupiter/junit-jupiter-params/5.8.2/junit-jupiter-params-5.8.2.jar:/Users/B0295805/.m2/repository/org/junit/jupiter/junit-jupiter-engine/5.8.2/junit-jupiter-engine-5.8.2.jar:/Users/B0295805/.m2/repository/org/mockito/mockito-core/4.0.0/mockito-core-4.0.0.jar:/Users/B0295805/.m2/repository/net/bytebuddy/byte-buddy/1.11.22/byte-buddy-1.11.22.jar:/Users/B0295805/.m2/repository/net/bytebuddy/byte-buddy-agent/1.11.22/byte-buddy-agent-1.11.22.jar:/Users/B0295805/.m2/repository/org/objenesis/objenesis/3.2/objenesis-3.2.jar:/Users/B0295805/.m2/repository/org/mockito/mockito-junit-jupiter/4.0.0/mockito-junit-jupiter-4.0.0.jar:/Users/B0295805/.m2/repository/org/skyscreamer/jsonassert/1.5.0/jsonassert-1.5.0.jar:/Users/B0295805/.m2/repository/com/vaadin/external/google/android-json/0.0.20131108.vaadin1/android-json-0.0.20131108.vaadin1.jar:/Users/B0295805/.m2/repository/org/springframework/spring-core/5.3.18/spring-core-5.3.18.jar:/Users/B0295805/.m2/repository/org/springframework/spring-jcl/5.3.18/spring-jcl-5.3.18.jar:/Users/B0295805/.m2/repository/org/springframework/spring-test/5.3.18/spring-test-5.3.18.jar:/Users/B0295805/.m2/repository/org/xmlunit/xmlunit-core/2.8.4/xmlunit-core-2.8.4.jar:/Users/B0295805/.m2/repository/org/camunda/bpm/springboot/camunda-bpm-spring-boot-starter-test/7.17.0/camunda-bpm-spring-boot-starter-test-7.17.0.jar:/Users/B0295805/.m2/repository/org/junit/vintage/junit-vintage-engine/5.8.2/junit-vintage-engine-5.8.2.jar:/Users/B0295805/.m2/repository/org/junit/platform/junit-platform-engine/1.8.2/junit-platform-engine-1.8.2.jar:/Users/B0295805/.m2/repository/junit/junit/4.13.2/junit-4.13.2.jar:/Users/B0295805/.m2/repository/org/apiguardian/apiguardian-api/1.1.2/apiguardian-api-1.1.2.jar:/Users/B0295805/.m2/repository/org/camunda/bpm/camunda-bpm-assert/7.17.0/camunda-bpm-assert-7.17.0.jar:/Users/B0295805/.m2/repository/org/graalvm/js/js-scriptengine/20.2.0/js-scriptengine-20.2.0.jar:/Users/B0295805/.m2/repository/org/graalvm/sdk/graal-sdk/20.2.0/graal-sdk-20.2.0.jar:/Users/B0295805/.m2/repository/org/graalvm/js/js/20.2.0/js-20.2.0.jar:/Users/B0295805/.m2/repository/org/graalvm/regex/regex/20.2.0/regex-20.2.0.jar:/Users/B0295805/.m2/repository/org/graalvm/truffle/truffle-api/20.2.0/truffle-api-20.2.0.jar:/Users/B0295805/.m2/repository/org/ow2/asm/asm/7.1/asm-7.1.jar:/Users/B0295805/.m2/repository/org/ow2/asm/asm-tree/7.1/asm-tree-7.1.jar:/Users/B0295805/.m2/repository/org/ow2/asm/asm-analysis/7.1/asm-analysis-7.1.jar:/Users/B0295805/.m2/repository/org/ow2/asm/asm-commons/7.1/asm-commons-7.1.jar:/Users/B0295805/.m2/repository/org/ow2/asm/asm-util/7.1/asm-util-7.1.jar:/Users/B0295805/.m2/repository/com/ibm/icu/icu4j/67.1/icu4j-67.1.jar:"/>
    <property name="sun.cpu.endian" value="little"/>
    <property name="user.home" value="/Users/B0295805"/>
    <property name="user.language" value="en"/>
    <property name="java.specification.vendor" value="Oracle Corporation"/>
    <property name="java.version.date" value="2023-04-18"/>
    <property name="java.home" value="/Applications/SpringToolSuite4.app/Contents/Eclipse/plugins/org.eclipse.justj.openjdk.hotspot.jre.full.macosx.x86_64_17.0.7.v20230425-1502/jre"/>
    <property name="file.separator" value="/"/>
    <property name="style.color" value="always"/>
    <property name="basedir" value="/Users/B0295805/Downloads/camunda-http-connector-example-master"/>
    <property name="java.vm.compressedOopsMode" value="Zero based"/>
    <property name="line.separator" value="&#10;"/>
    <property name="java.vm.specification.vendor" value="Oracle Corporation"/>
    <property name="java.specification.name" value="Java Platform API Specification"/>
    <property name="surefire.real.class.path" value="/Users/B0295805/Downloads/camunda-http-connector-example-master/target/surefire/surefirebooter-20240903171738262_3.jar"/>
    <property name="sun.management.compiler" value="HotSpot 64-Bit Tiered Compilers"/>
    <property name="ftp.nonProxyHosts" value="local|*.local| 169.254/16|*. 169.254/16"/>
    <property name="java.runtime.version" value="17.0.7+7"/>
    <property name="user.name" value="B0295805"/>
    <property name="path.separator" value=":"/>
    <property name="os.version" value="14.0"/>
    <property name="java.runtime.name" value="OpenJDK Runtime Environment"/>
    <property name="file.encoding" value="UTF-8"/>
    <property name="java.vm.name" value="OpenJDK 64-Bit Server VM"/>
    <property name="java.vendor.version" value="Temurin-17.0.7+7"/>
    <property name="localRepository" value="/Users/B0295805/.m2/repository"/>
    <property name="java.vendor.url.bug" value="https://github.com/adoptium/adoptium-support/issues"/>
    <property name="java.io.tmpdir" value="/var/folders/qg/_gq5v2nd4rv0qhdptgsdgwqh0000gp/T/"/>
    <property name="java.version" value="17.0.7"/>
    <property name="user.dir" value="/Users/B0295805/Downloads/camunda-http-connector-example-master"/>
    <property name="os.arch" value="x86_64"/>
    <property name="java.vm.specification.name" value="Java Virtual Machine Specification"/>
    <property name="native.encoding" value="UTF-8"/>
    <property name="java.library.path" value="/Users/B0295805/Library/Java/Extensions:/Library/Java/Extensions:/Network/Library/Java/Extensions:/System/Library/Java/Extensions:/usr/lib/java:."/>
    <property name="java.vm.info" value="mixed mode"/>
    <property name="java.vendor" value="Eclipse Adoptium"/>
    <property name="java.vm.version" value="17.0.7+7"/>
    <property name="sun.io.unicode.encoding" value="UnicodeBig"/>
    <property name="socksNonProxyHosts" value="local|*.local| 169.254/16|*. 169.254/16"/>
    <property name="java.class.version" value="61.0"/>
  </properties>
  <testcase name="happyPathGETTest" classname="processtest.ProcessUnitTest" time="22.971">
    <failure message="Expecting ProcessInstance {id=&apos;4&apos;, processDefinitionId=&apos;HttpConnectorTestProcess:1:3&apos;, businessKey=&apos;null&apos;} to be ended, but it is not!. (Please make sure you have set the history service of the engine to at least &apos;activity&apos; or a higher level before making use of this assertion!)" type="java.lang.AssertionError"><![CDATA[java.lang.AssertionError: Expecting ProcessInstance {id='4', processDefinitionId='HttpConnectorTestProcess:1:3', businessKey='null'} to be ended, but it is not!. (Please make sure you have set the history service of the engine to at least 'activity' or a higher level before making use of this assertion!)
	at org.camunda.bpm.engine.test.assertions.bpmn.ProcessInstanceAssert.isEnded(ProcessInstanceAssert.java:419)
	at processtest.ProcessUnitTest.happyPathGETTest(ProcessUnitTest.java:23)
	at java.base/jdk.internal.reflect.NativeMethodAccessorImpl.invoke0(Native Method)
	at java.base/jdk.internal.reflect.NativeMethodAccessorImpl.invoke(NativeMethodAccessorImpl.java:77)
	at java.base/jdk.internal.reflect.DelegatingMethodAccessorImpl.invoke(DelegatingMethodAccessorImpl.java:43)
	at java.base/java.lang.reflect.Method.invoke(Method.java:568)
	at org.junit.runners.model.FrameworkMethod$1.runReflectiveCall(FrameworkMethod.java:59)
	at org.junit.internal.runners.model.ReflectiveCallable.run(ReflectiveCallable.java:12)
	at org.junit.runners.model.FrameworkMethod.invokeExplosively(FrameworkMethod.java:56)
	at org.junit.internal.runners.statements.InvokeMethod.evaluate(InvokeMethod.java:17)
	at org.junit.rules.TestWatcher$1.evaluate(TestWatcher.java:61)
	at org.camunda.bpm.engine.test.ProcessEngineRule$1.evaluate(ProcessEngineRule.java:185)
	at org.junit.runners.ParentRunner$3.evaluate(ParentRunner.java:306)
	at org.junit.runners.BlockJUnit4ClassRunner$1.evaluate(BlockJUnit4ClassRunner.java:100)
	at org.junit.runners.ParentRunner.runLeaf(ParentRunner.java:366)
	at org.junit.runners.BlockJUnit4ClassRunner.runChild(BlockJUnit4ClassRunner.java:103)
	at org.junit.runners.BlockJUnit4ClassRunner.runChild(BlockJUnit4ClassRunner.java:63)
	at org.junit.runners.ParentRunner$4.run(ParentRunner.java:331)
	at org.junit.runners.ParentRunner$1.schedule(ParentRunner.java:79)
	at org.junit.runners.ParentRunner.runChildren(ParentRunner.java:329)
	at org.junit.runners.ParentRunner.access$100(ParentRunner.java:66)
	at org.junit.runners.ParentRunner$2.evaluate(ParentRunner.java:293)
	at org.junit.runners.ParentRunner$3.evaluate(ParentRunner.java:306)
	at org.junit.runners.ParentRunner.run(ParentRunner.java:413)
	at org.junit.runner.JUnitCore.run(JUnitCore.java:137)
	at org.junit.runner.JUnitCore.run(JUnitCore.java:115)
	at org.junit.vintage.engine.execution.RunnerExecutor.execute(RunnerExecutor.java:42)
	at org.junit.vintage.engine.VintageTestEngine.executeAllChildren(VintageTestEngine.java:80)
	at org.junit.vintage.engine.VintageTestEngine.execute(VintageTestEngine.java:72)
	at org.junit.platform.launcher.core.EngineExecutionOrchestrator.execute(EngineExecutionOrchestrator.java:107)
	at org.junit.platform.launcher.core.EngineExecutionOrchestrator.execute(EngineExecutionOrchestrator.java:88)
	at org.junit.platform.launcher.core.EngineExecutionOrchestrator.lambda$execute$0(EngineExecutionOrchestrator.java:54)
	at org.junit.platform.launcher.core.EngineExecutionOrchestrator.withInterceptedStreams(EngineExecutionOrchestrator.java:67)
	at org.junit.platform.launcher.core.EngineExecutionOrchestrator.execute(EngineExecutionOrchestrator.java:52)
	at org.junit.platform.launcher.core.DefaultLauncher.execute(DefaultLauncher.java:114)
	at org.junit.platform.launcher.core.DefaultLauncher.execute(DefaultLauncher.java:86)
	at org.junit.platform.launcher.core.DefaultLauncherSession$DelegatingLauncher.execute(DefaultLauncherSession.java:86)
	at org.apache.maven.surefire.junitplatform.LazyLauncher.execute(LazyLauncher.java:50)
	at org.apache.maven.surefire.junitplatform.JUnitPlatformProvider.execute(JUnitPlatformProvider.java:184)
	at org.apache.maven.surefire.junitplatform.JUnitPlatformProvider.invokeAllTests(JUnitPlatformProvider.java:148)
	at org.apache.maven.surefire.junitplatform.JUnitPlatformProvider.invoke(JUnitPlatformProvider.java:122)
	at org.apache.maven.surefire.booter.ForkedBooter.runSuitesInProcess(ForkedBooter.java:385)
	at org.apache.maven.surefire.booter.ForkedBooter.execute(ForkedBooter.java:162)
	at org.apache.maven.surefire.booter.ForkedBooter.run(ForkedBooter.java:507)
	at org.apache.maven.surefire.booter.ForkedBooter.main(ForkedBooter.java:495)
]]></failure>
    <system-out><![CDATA[17:17:39.932 [main] INFO  org.camunda.bpm.engine.cfg - ENGINE-12003 Plugin 'ConnectProcessEnginePlugin' activated on process engine 'default'
17:17:40.233 [main] INFO  org.camunda.bpm.connect - CNCT-01004 Discovered provider for connector id 'http-connector' and class 'org.camunda.connect.httpclient.impl.HttpConnectorImpl': 'org.camunda.connect.httpclient.impl.HttpConnectorProviderImpl'
17:17:40.236 [main] INFO  org.camunda.bpm.connect - CNCT-01004 Discovered provider for connector id 'soap-http-connector' and class 'org.camunda.connect.httpclient.soap.impl.SoapHttpConnectorImpl': 'org.camunda.connect.httpclient.soap.impl.SoapHttpConnectorProviderImpl'
17:17:40.240 [main] INFO  org.camunda.bpm.engine.cfg - ENGINE-12003 Plugin 'SpinProcessEnginePlugin' activated on process engine 'default'
17:17:40.243 [main] INFO  org.camunda.spin - SPIN-01010 Discovered Spin data format provider: org.camunda.spin.impl.json.jackson.format.JacksonJsonDataFormatProvider[name = application/json]
17:17:40.360 [main] INFO  org.camunda.spin - SPIN-01009 Discovered Spin data format: org.camunda.spin.impl.json.jackson.format.JacksonJsonDataFormat[name = application/json]
17:17:40.663 [main] INFO  org.camunda.bpm.dmn.feel.scala - FEEL/SCALA-01001 Spin value mapper detected
17:17:40.702 [main] INFO  org.camunda.feel.FeelEngine - Engine created. [value-mapper: CompositeValueMapper(List(org.camunda.feel.impl.JavaValueMapper@4ba02375, org.camunda.spin.plugin.impl.feel.integration.SpinValueMapper@7593ea79)), function-provider: org.camunda.bpm.dmn.feel.impl.scala.function.CustomFunctionTransformer@47b11ec7, clock: SystemClock, configuration: Configuration(false)]
17:17:59.858 [main] INFO  org.camunda.bpm.engine.persistence - ENGINE-03016 Performing database operation 'create' on component 'engine' with resource 'org/camunda/bpm/engine/db/create/activiti.h2.create.engine.sql'
17:18:00.000 [main] INFO  org.camunda.bpm.engine.persistence - ENGINE-03016 Performing database operation 'create' on component 'history' with resource 'org/camunda/bpm/engine/db/create/activiti.h2.create.history.sql'
17:18:00.066 [main] INFO  org.camunda.bpm.engine.persistence - ENGINE-03016 Performing database operation 'create' on component 'identity' with resource 'org/camunda/bpm/engine/db/create/activiti.h2.create.identity.sql'
17:18:00.112 [main] INFO  org.camunda.bpm.engine.persistence - ENGINE-03016 Performing database operation 'create' on component 'case.engine' with resource 'org/camunda/bpm/engine/db/create/activiti.h2.create.case.engine.sql'
17:18:00.129 [main] INFO  org.camunda.bpm.engine.persistence - ENGINE-03016 Performing database operation 'create' on component 'case.history' with resource 'org/camunda/bpm/engine/db/create/activiti.h2.create.case.history.sql'
17:18:00.160 [main] INFO  org.camunda.bpm.engine.persistence - ENGINE-03016 Performing database operation 'create' on component 'decision.engine' with resource 'org/camunda/bpm/engine/db/create/activiti.h2.create.decision.engine.sql'
17:18:00.228 [main] INFO  org.camunda.bpm.engine.persistence - ENGINE-03016 Performing database operation 'create' on component 'decision.history' with resource 'org/camunda/bpm/engine/db/create/activiti.h2.create.decision.history.sql'
17:18:00.287 [main] INFO  org.camunda.bpm.engine.persistence - ENGINE-03067 No history level property found in database
17:18:00.288 [main] INFO  org.camunda.bpm.engine.persistence - ENGINE-03065 Creating historyLevel property in database for level: HistoryLevelFull(name=full, id=3)
17:18:00.411 [main] INFO  org.camunda.bpm.engine - ENGINE-00001 Process Engine default created.
Response is :
{"data":{"id":1,"email":"george.bluth@reqres.in","first_name":"George","last_name":"Bluth","avatar":"https://reqres.in/img/faces/1-image.jpg"},"support":{"url":"https://reqres.in/#support-heading","text":"To keep ReqRes free, contributions towards server costs are appreciated!"}}
]]></system-out>
  </testcase>
  <testcase name="happyPathPOSTTest" classname="processtest.ProcessUnitTest" time="0.131">
    <failure message="Multiple Failures (2 failures)&#10;	org.camunda.bpm.engine.ParseException: ENGINE-09005 Could not parse BPMN process. Errors: &#10;* Timer needs configuration (either timeDate, timeCycle or timeDuration is needed). | resource httpConnectorPOST.bpmn | line 91 | column 70&#10;	org.camunda.bpm.engine.exception.NullValueException: no processes deployed with key &apos;HttpConnectorTestPOSTProcess&apos;: processDefinition is null" type="org.opentest4j.MultipleFailuresError"><![CDATA[org.opentest4j.MultipleFailuresError: 
Multiple Failures (2 failures)
	org.camunda.bpm.engine.ParseException: ENGINE-09005 Could not parse BPMN process. Errors: 
* Timer needs configuration (either timeDate, timeCycle or timeDuration is needed). | resource httpConnectorPOST.bpmn | line 91 | column 70
	org.camunda.bpm.engine.exception.NullValueException: no processes deployed with key 'HttpConnectorTestPOSTProcess': processDefinition is null
	at org.junit.vintage.engine.execution.TestRun.getStoredResultOrSuccessful(TestRun.java:196)
	at org.junit.vintage.engine.execution.RunListenerAdapter.fireExecutionFinished(RunListenerAdapter.java:226)
	at org.junit.vintage.engine.execution.RunListenerAdapter.testFinished(RunListenerAdapter.java:192)
	at org.junit.vintage.engine.execution.RunListenerAdapter.testFinished(RunListenerAdapter.java:79)
	at org.junit.runner.notification.SynchronizedRunListener.testFinished(SynchronizedRunListener.java:87)
	at org.junit.runner.notification.RunNotifier$9.notifyListener(RunNotifier.java:225)
	at org.junit.runner.notification.RunNotifier$SafeNotifier.run(RunNotifier.java:72)
	at org.junit.runner.notification.RunNotifier.fireTestFinished(RunNotifier.java:222)
	at org.junit.internal.runners.model.EachTestNotifier.fireTestFinished(EachTestNotifier.java:38)
	at org.junit.runners.ParentRunner.runLeaf(ParentRunner.java:372)
	at org.junit.runners.BlockJUnit4ClassRunner.runChild(BlockJUnit4ClassRunner.java:103)
	at org.junit.runners.BlockJUnit4ClassRunner.runChild(BlockJUnit4ClassRunner.java:63)
	at org.junit.runners.ParentRunner$4.run(ParentRunner.java:331)
	at org.junit.runners.ParentRunner$1.schedule(ParentRunner.java:79)
	at org.junit.runners.ParentRunner.runChildren(ParentRunner.java:329)
	at org.junit.runners.ParentRunner.access$100(ParentRunner.java:66)
	at org.junit.runners.ParentRunner$2.evaluate(ParentRunner.java:293)
	at org.junit.runners.ParentRunner$3.evaluate(ParentRunner.java:306)
	at org.junit.runners.ParentRunner.run(ParentRunner.java:413)
	at org.junit.runner.JUnitCore.run(JUnitCore.java:137)
	at org.junit.runner.JUnitCore.run(JUnitCore.java:115)
	at org.junit.vintage.engine.execution.RunnerExecutor.execute(RunnerExecutor.java:42)
	at org.junit.vintage.engine.VintageTestEngine.executeAllChildren(VintageTestEngine.java:80)
	at org.junit.vintage.engine.VintageTestEngine.execute(VintageTestEngine.java:72)
	at org.junit.platform.launcher.core.EngineExecutionOrchestrator.execute(EngineExecutionOrchestrator.java:107)
	at org.junit.platform.launcher.core.EngineExecutionOrchestrator.execute(EngineExecutionOrchestrator.java:88)
	at org.junit.platform.launcher.core.EngineExecutionOrchestrator.lambda$execute$0(EngineExecutionOrchestrator.java:54)
	at org.junit.platform.launcher.core.EngineExecutionOrchestrator.withInterceptedStreams(EngineExecutionOrchestrator.java:67)
	at org.junit.platform.launcher.core.EngineExecutionOrchestrator.execute(EngineExecutionOrchestrator.java:52)
	at org.junit.platform.launcher.core.DefaultLauncher.execute(DefaultLauncher.java:114)
	at org.junit.platform.launcher.core.DefaultLauncher.execute(DefaultLauncher.java:86)
	at org.junit.platform.launcher.core.DefaultLauncherSession$DelegatingLauncher.execute(DefaultLauncherSession.java:86)
	at org.apache.maven.surefire.junitplatform.LazyLauncher.execute(LazyLauncher.java:50)
	at org.apache.maven.surefire.junitplatform.JUnitPlatformProvider.execute(JUnitPlatformProvider.java:184)
	at org.apache.maven.surefire.junitplatform.JUnitPlatformProvider.invokeAllTests(JUnitPlatformProvider.java:148)
	at org.apache.maven.surefire.junitplatform.JUnitPlatformProvider.invoke(JUnitPlatformProvider.java:122)
	at org.apache.maven.surefire.booter.ForkedBooter.runSuitesInProcess(ForkedBooter.java:385)
	at org.apache.maven.surefire.booter.ForkedBooter.execute(ForkedBooter.java:162)
	at org.apache.maven.surefire.booter.ForkedBooter.run(ForkedBooter.java:507)
	at org.apache.maven.surefire.booter.ForkedBooter.main(ForkedBooter.java:495)
	Suppressed: org.camunda.bpm.engine.ParseException: ENGINE-09005 Could not parse BPMN process. Errors: 
* Timer needs configuration (either timeDate, timeCycle or timeDuration is needed). | resource httpConnectorPOST.bpmn | line 91 | column 70
		at org.camunda.bpm.engine.impl.util.EngineUtilLogger.exceptionDuringParsing(EngineUtilLogger.java:66)
		at org.camunda.bpm.engine.impl.util.xml.Parse.throwExceptionForErrors(Parse.java:240)
		at org.camunda.bpm.engine.impl.bpmn.parser.BpmnParse.execute(BpmnParse.java:355)
		at org.camunda.bpm.engine.impl.bpmn.deployer.BpmnDeployer.transformDefinitions(BpmnDeployer.java:105)
		at org.camunda.bpm.engine.impl.AbstractDefinitionDeployer.transformResource(AbstractDefinitionDeployer.java:99)
		at org.camunda.bpm.engine.impl.AbstractDefinitionDeployer.parseDefinitionResources(AbstractDefinitionDeployer.java:74)
		at org.camunda.bpm.engine.impl.AbstractDefinitionDeployer.deploy(AbstractDefinitionDeployer.java:64)
		at org.camunda.bpm.engine.impl.persistence.deploy.cache.CacheDeployer$1.call(CacheDeployer.java:54)
		at org.camunda.bpm.engine.impl.persistence.deploy.cache.CacheDeployer$1.call(CacheDeployer.java:51)
		at org.camunda.bpm.engine.impl.interceptor.CommandContext.runWithoutAuthorization(CommandContext.java:559)
		at org.camunda.bpm.engine.impl.interceptor.CommandContext.runWithoutAuthorization(CommandContext.java:547)
		at org.camunda.bpm.engine.impl.persistence.deploy.cache.CacheDeployer.deploy(CacheDeployer.java:51)
		at org.camunda.bpm.engine.impl.persistence.deploy.cache.DeploymentCache.deploy(DeploymentCache.java:71)
		at org.camunda.bpm.engine.impl.persistence.entity.DeploymentManager.insertDeployment(DeploymentManager.java:64)
		at org.camunda.bpm.engine.impl.cmd.DeployCmd.deploy(DeployCmd.java:254)
		at org.camunda.bpm.engine.impl.cmd.DeployCmd.lambda$doExecute$0(DeployCmd.java:155)
		at org.camunda.bpm.engine.impl.interceptor.CommandContext.runWithoutAuthorization(CommandContext.java:559)
		at org.camunda.bpm.engine.impl.interceptor.CommandContext.runWithoutAuthorization(CommandContext.java:547)
		at org.camunda.bpm.engine.impl.cmd.DeployCmd.doExecute(DeployCmd.java:141)
		at org.camunda.bpm.engine.impl.cmd.DeployCmd.execute(DeployCmd.java:101)
		at org.camunda.bpm.engine.impl.cmd.DeployCmd.execute(DeployCmd.java:81)
		at org.camunda.bpm.engine.impl.interceptor.CommandExecutorImpl.execute(CommandExecutorImpl.java:28)
		at org.camunda.bpm.engine.impl.interceptor.CommandContextInterceptor.execute(CommandContextInterceptor.java:110)
		at org.camunda.bpm.engine.impl.interceptor.ProcessApplicationContextInterceptor.execute(ProcessApplicationContextInterceptor.java:70)
		at org.camunda.bpm.engine.impl.interceptor.CommandCounterInterceptor.execute(CommandCounterInterceptor.java:35)
		at org.camunda.bpm.engine.impl.interceptor.LogInterceptor.execute(LogInterceptor.java:33)
		at org.camunda.bpm.engine.impl.RepositoryServiceImpl.deployWithResult(RepositoryServiceImpl.java:104)
		at org.camunda.bpm.engine.impl.repository.DeploymentBuilderImpl.deployWithResult(DeploymentBuilderImpl.java:270)
		at org.camunda.bpm.engine.impl.repository.DeploymentBuilderImpl.deploy(DeploymentBuilderImpl.java:266)
		at org.camunda.bpm.engine.impl.test.TestHelper.annotationDeploymentSetUp(TestHelper.java:161)
		at org.camunda.bpm.engine.impl.test.TestHelper.annotationDeploymentSetUp(TestHelper.java:132)
		at org.camunda.bpm.engine.test.ProcessEngineRule.starting(ProcessEngineRule.java:156)
		at org.junit.rules.TestWatcher.startingQuietly(TestWatcher.java:113)
		at org.junit.rules.TestWatcher.access$000(TestWatcher.java:52)
		at org.junit.rules.TestWatcher$1.evaluate(TestWatcher.java:59)
		at org.camunda.bpm.engine.test.ProcessEngineRule$1.evaluate(ProcessEngineRule.java:185)
		at org.junit.runners.ParentRunner$3.evaluate(ParentRunner.java:306)
		at org.junit.runners.BlockJUnit4ClassRunner$1.evaluate(BlockJUnit4ClassRunner.java:100)
		at org.junit.runners.ParentRunner.runLeaf(ParentRunner.java:366)
		... 30 more
	Suppressed: org.camunda.bpm.engine.exception.NullValueException: no processes deployed with key 'HttpConnectorTestPOSTProcess': processDefinition is null
		at java.base/jdk.internal.reflect.NativeConstructorAccessorImpl.newInstance0(Native Method)
		at java.base/jdk.internal.reflect.NativeConstructorAccessorImpl.newInstance(NativeConstructorAccessorImpl.java:77)
		at java.base/jdk.internal.reflect.DelegatingConstructorAccessorImpl.newInstance(DelegatingConstructorAccessorImpl.java:45)
		at java.base/java.lang.reflect.Constructor.newInstanceWithCaller(Constructor.java:499)
		at java.base/java.lang.reflect.Constructor.newInstance(Constructor.java:480)
		at org.camunda.bpm.engine.impl.util.EnsureUtil.generateException(EnsureUtil.java:398)
		at org.camunda.bpm.engine.impl.util.EnsureUtil.ensureNotNull(EnsureUtil.java:55)
		at org.camunda.bpm.engine.impl.util.EnsureUtil.ensureNotNull(EnsureUtil.java:50)
		at org.camunda.bpm.engine.impl.persistence.deploy.cache.ProcessDefinitionCache.checkInvalidDefinitionByKey(ProcessDefinitionCache.java:52)
		at org.camunda.bpm.engine.impl.persistence.deploy.cache.ProcessDefinitionCache.checkInvalidDefinitionByKey(ProcessDefinitionCache.java:28)
		at org.camunda.bpm.engine.impl.persistence.deploy.cache.ResourceDefinitionCache.findDeployedLatestDefinitionByKey(ResourceDefinitionCache.java:67)
		at org.camunda.bpm.engine.impl.persistence.deploy.cache.DeploymentCache.findDeployedLatestProcessDefinitionByKey(DeploymentCache.java:90)
		at org.camunda.bpm.engine.impl.cmd.GetDeployedProcessDefinitionCmd.findByKey(GetDeployedProcessDefinitionCmd.java:87)
		at org.camunda.bpm.engine.impl.cmd.GetDeployedProcessDefinitionCmd.find(GetDeployedProcessDefinitionCmd.java:74)
		at org.camunda.bpm.engine.impl.cmd.GetDeployedProcessDefinitionCmd.execute(GetDeployedProcessDefinitionCmd.java:56)
		at org.camunda.bpm.engine.impl.cmd.StartProcessInstanceCmd.execute(StartProcessInstanceCmd.java:50)
		at org.camunda.bpm.engine.impl.cmd.StartProcessInstanceCmd.execute(StartProcessInstanceCmd.java:38)
		at org.camunda.bpm.engine.impl.interceptor.CommandExecutorImpl.execute(CommandExecutorImpl.java:28)
		at org.camunda.bpm.engine.impl.interceptor.CommandContextInterceptor.execute(CommandContextInterceptor.java:110)
		at org.camunda.bpm.engine.impl.interceptor.ProcessApplicationContextInterceptor.execute(ProcessApplicationContextInterceptor.java:70)
		at org.camunda.bpm.engine.impl.interceptor.CommandCounterInterceptor.execute(CommandCounterInterceptor.java:35)
		at org.camunda.bpm.engine.impl.interceptor.LogInterceptor.execute(LogInterceptor.java:33)
		at org.camunda.bpm.engine.impl.ProcessInstantiationBuilderImpl.executeWithVariablesInReturn(ProcessInstantiationBuilderImpl.java:166)
		at org.camunda.bpm.engine.impl.ProcessInstantiationBuilderImpl.execute(ProcessInstantiationBuilderImpl.java:132)
		at org.camunda.bpm.engine.impl.ProcessInstantiationBuilderImpl.execute(ProcessInstantiationBuilderImpl.java:128)
		at org.camunda.bpm.engine.impl.RuntimeServiceImpl.startProcessInstanceByKey(RuntimeServiceImpl.java:112)
		at processtest.ProcessUnitTest.happyPathPOSTTest(ProcessUnitTest.java:35)
		at java.base/jdk.internal.reflect.NativeMethodAccessorImpl.invoke0(Native Method)
		at java.base/jdk.internal.reflect.NativeMethodAccessorImpl.invoke(NativeMethodAccessorImpl.java:77)
		at java.base/jdk.internal.reflect.DelegatingMethodAccessorImpl.invoke(DelegatingMethodAccessorImpl.java:43)
		at java.base/java.lang.reflect.Method.invoke(Method.java:568)
		at org.junit.runners.model.FrameworkMethod$1.runReflectiveCall(FrameworkMethod.java:59)
		at org.junit.internal.runners.model.ReflectiveCallable.run(ReflectiveCallable.java:12)
		at org.junit.runners.model.FrameworkMethod.invokeExplosively(FrameworkMethod.java:56)
		at org.junit.internal.runners.statements.InvokeMethod.evaluate(InvokeMethod.java:17)
		at org.junit.rules.TestWatcher$1.evaluate(TestWatcher.java:61)
		at org.camunda.bpm.engine.test.ProcessEngineRule$1.evaluate(ProcessEngineRule.java:185)
		at org.junit.runners.ParentRunner$3.evaluate(ParentRunner.java:306)
		at org.junit.runners.BlockJUnit4ClassRunner$1.evaluate(BlockJUnit4ClassRunner.java:100)
		at org.junit.runners.ParentRunner.runLeaf(ParentRunner.java:366)
		... 30 more
]]></failure>
    <system-out><![CDATA[17:18:02.323 [main] ERROR org.camunda.bpm.engine.bpmn.parser - ENGINE-01004 Unexpected Exception with message: Cannot invoke "org.camunda.bpm.engine.impl.el.Expression.getExpressionText()" because "expression" is null 
17:18:02.325 [main] ERROR org.camunda.bpm.engine.context - ENGINE-16004 Exception while closing command context: ENGINE-09005 Could not parse BPMN process. Errors: 
* Timer needs configuration (either timeDate, timeCycle or timeDuration is needed). | resource httpConnectorPOST.bpmn | line 91 | column 70
org.camunda.bpm.engine.ParseException: ENGINE-09005 Could not parse BPMN process. Errors: 
* Timer needs configuration (either timeDate, timeCycle or timeDuration is needed). | resource httpConnectorPOST.bpmn | line 91 | column 70
	at org.camunda.bpm.engine.impl.util.EngineUtilLogger.exceptionDuringParsing(EngineUtilLogger.java:66)
	at org.camunda.bpm.engine.impl.util.xml.Parse.throwExceptionForErrors(Parse.java:240)
	at org.camunda.bpm.engine.impl.bpmn.parser.BpmnParse.execute(BpmnParse.java:355)
	at org.camunda.bpm.engine.impl.bpmn.deployer.BpmnDeployer.transformDefinitions(BpmnDeployer.java:105)
	at org.camunda.bpm.engine.impl.AbstractDefinitionDeployer.transformResource(AbstractDefinitionDeployer.java:99)
	at org.camunda.bpm.engine.impl.AbstractDefinitionDeployer.parseDefinitionResources(AbstractDefinitionDeployer.java:74)
	at org.camunda.bpm.engine.impl.AbstractDefinitionDeployer.deploy(AbstractDefinitionDeployer.java:64)
	at org.camunda.bpm.engine.impl.persistence.deploy.cache.CacheDeployer$1.call(CacheDeployer.java:54)
	at org.camunda.bpm.engine.impl.persistence.deploy.cache.CacheDeployer$1.call(CacheDeployer.java:51)
	at org.camunda.bpm.engine.impl.interceptor.CommandContext.runWithoutAuthorization(CommandContext.java:559)
	at org.camunda.bpm.engine.impl.interceptor.CommandContext.runWithoutAuthorization(CommandContext.java:547)
	at org.camunda.bpm.engine.impl.persistence.deploy.cache.CacheDeployer.deploy(CacheDeployer.java:51)
	at org.camunda.bpm.engine.impl.persistence.deploy.cache.DeploymentCache.deploy(DeploymentCache.java:71)
	at org.camunda.bpm.engine.impl.persistence.entity.DeploymentManager.insertDeployment(DeploymentManager.java:64)
	at org.camunda.bpm.engine.impl.cmd.DeployCmd.deploy(DeployCmd.java:254)
	at org.camunda.bpm.engine.impl.cmd.DeployCmd.lambda$doExecute$0(DeployCmd.java:155)
	at org.camunda.bpm.engine.impl.interceptor.CommandContext.runWithoutAuthorization(CommandContext.java:559)
	at org.camunda.bpm.engine.impl.interceptor.CommandContext.runWithoutAuthorization(CommandContext.java:547)
	at org.camunda.bpm.engine.impl.cmd.DeployCmd.doExecute(DeployCmd.java:141)
	at org.camunda.bpm.engine.impl.cmd.DeployCmd.execute(DeployCmd.java:101)
	at org.camunda.bpm.engine.impl.cmd.DeployCmd.execute(DeployCmd.java:81)
	at org.camunda.bpm.engine.impl.interceptor.CommandExecutorImpl.execute(CommandExecutorImpl.java:28)
	at org.camunda.bpm.engine.impl.interceptor.CommandContextInterceptor.execute(CommandContextInterceptor.java:110)
	at org.camunda.bpm.engine.impl.interceptor.ProcessApplicationContextInterceptor.execute(ProcessApplicationContextInterceptor.java:70)
	at org.camunda.bpm.engine.impl.interceptor.CommandCounterInterceptor.execute(CommandCounterInterceptor.java:35)
	at org.camunda.bpm.engine.impl.interceptor.LogInterceptor.execute(LogInterceptor.java:33)
	at org.camunda.bpm.engine.impl.RepositoryServiceImpl.deployWithResult(RepositoryServiceImpl.java:104)
	at org.camunda.bpm.engine.impl.repository.DeploymentBuilderImpl.deployWithResult(DeploymentBuilderImpl.java:270)
	at org.camunda.bpm.engine.impl.repository.DeploymentBuilderImpl.deploy(DeploymentBuilderImpl.java:266)
	at org.camunda.bpm.engine.impl.test.TestHelper.annotationDeploymentSetUp(TestHelper.java:161)
	at org.camunda.bpm.engine.impl.test.TestHelper.annotationDeploymentSetUp(TestHelper.java:132)
	at org.camunda.bpm.engine.test.ProcessEngineRule.starting(ProcessEngineRule.java:156)
	at org.junit.rules.TestWatcher.startingQuietly(TestWatcher.java:113)
	at org.junit.rules.TestWatcher.access$000(TestWatcher.java:52)
	at org.junit.rules.TestWatcher$1.evaluate(TestWatcher.java:59)
	at org.camunda.bpm.engine.test.ProcessEngineRule$1.evaluate(ProcessEngineRule.java:185)
	at org.junit.runners.ParentRunner$3.evaluate(ParentRunner.java:306)
	at org.junit.runners.BlockJUnit4ClassRunner$1.evaluate(BlockJUnit4ClassRunner.java:100)
	at org.junit.runners.ParentRunner.runLeaf(ParentRunner.java:366)
	at org.junit.runners.BlockJUnit4ClassRunner.runChild(BlockJUnit4ClassRunner.java:103)
	at org.junit.runners.BlockJUnit4ClassRunner.runChild(BlockJUnit4ClassRunner.java:63)
	at org.junit.runners.ParentRunner$4.run(ParentRunner.java:331)
	at org.junit.runners.ParentRunner$1.schedule(ParentRunner.java:79)
	at org.junit.runners.ParentRunner.runChildren(ParentRunner.java:329)
	at org.junit.runners.ParentRunner.access$100(ParentRunner.java:66)
	at org.junit.runners.ParentRunner$2.evaluate(ParentRunner.java:293)
	at org.junit.runners.ParentRunner$3.evaluate(ParentRunner.java:306)
	at org.junit.runners.ParentRunner.run(ParentRunner.java:413)
	at org.junit.runner.JUnitCore.run(JUnitCore.java:137)
	at org.junit.runner.JUnitCore.run(JUnitCore.java:115)
	at org.junit.vintage.engine.execution.RunnerExecutor.execute(RunnerExecutor.java:42)
	at org.junit.vintage.engine.VintageTestEngine.executeAllChildren(VintageTestEngine.java:80)
	at org.junit.vintage.engine.VintageTestEngine.execute(VintageTestEngine.java:72)
	at org.junit.platform.launcher.core.EngineExecutionOrchestrator.execute(EngineExecutionOrchestrator.java:107)
	at org.junit.platform.launcher.core.EngineExecutionOrchestrator.execute(EngineExecutionOrchestrator.java:88)
	at org.junit.platform.launcher.core.EngineExecutionOrchestrator.lambda$execute$0(EngineExecutionOrchestrator.java:54)
	at org.junit.platform.launcher.core.EngineExecutionOrchestrator.withInterceptedStreams(EngineExecutionOrchestrator.java:67)
	at org.junit.platform.launcher.core.EngineExecutionOrchestrator.execute(EngineExecutionOrchestrator.java:52)
	at org.junit.platform.launcher.core.DefaultLauncher.execute(DefaultLauncher.java:114)
	at org.junit.platform.launcher.core.DefaultLauncher.execute(DefaultLauncher.java:86)
	at org.junit.platform.launcher.core.DefaultLauncherSession$DelegatingLauncher.execute(DefaultLauncherSession.java:86)
	at org.apache.maven.surefire.junitplatform.LazyLauncher.execute(LazyLauncher.java:50)
	at org.apache.maven.surefire.junitplatform.JUnitPlatformProvider.execute(JUnitPlatformProvider.java:184)
	at org.apache.maven.surefire.junitplatform.JUnitPlatformProvider.invokeAllTests(JUnitPlatformProvider.java:148)
	at org.apache.maven.surefire.junitplatform.JUnitPlatformProvider.invoke(JUnitPlatformProvider.java:122)
	at org.apache.maven.surefire.booter.ForkedBooter.runSuitesInProcess(ForkedBooter.java:385)
	at org.apache.maven.surefire.booter.ForkedBooter.execute(ForkedBooter.java:162)
	at org.apache.maven.surefire.booter.ForkedBooter.run(ForkedBooter.java:507)
	at org.apache.maven.surefire.booter.ForkedBooter.main(ForkedBooter.java:495)
17:18:02.339 [main] ERROR org.camunda.bpm.engine.context - ENGINE-16004 Exception while closing command context: no processes deployed with key 'HttpConnectorTestPOSTProcess': processDefinition is null
org.camunda.bpm.engine.exception.NullValueException: no processes deployed with key 'HttpConnectorTestPOSTProcess': processDefinition is null
	at java.base/jdk.internal.reflect.NativeConstructorAccessorImpl.newInstance0(Native Method)
	at java.base/jdk.internal.reflect.NativeConstructorAccessorImpl.newInstance(NativeConstructorAccessorImpl.java:77)
	at java.base/jdk.internal.reflect.DelegatingConstructorAccessorImpl.newInstance(DelegatingConstructorAccessorImpl.java:45)
	at java.base/java.lang.reflect.Constructor.newInstanceWithCaller(Constructor.java:499)
	at java.base/java.lang.reflect.Constructor.newInstance(Constructor.java:480)
	at org.camunda.bpm.engine.impl.util.EnsureUtil.generateException(EnsureUtil.java:398)
	at org.camunda.bpm.engine.impl.util.EnsureUtil.ensureNotNull(EnsureUtil.java:55)
	at org.camunda.bpm.engine.impl.util.EnsureUtil.ensureNotNull(EnsureUtil.java:50)
	at org.camunda.bpm.engine.impl.persistence.deploy.cache.ProcessDefinitionCache.checkInvalidDefinitionByKey(ProcessDefinitionCache.java:52)
	at org.camunda.bpm.engine.impl.persistence.deploy.cache.ProcessDefinitionCache.checkInvalidDefinitionByKey(ProcessDefinitionCache.java:28)
	at org.camunda.bpm.engine.impl.persistence.deploy.cache.ResourceDefinitionCache.findDeployedLatestDefinitionByKey(ResourceDefinitionCache.java:67)
	at org.camunda.bpm.engine.impl.persistence.deploy.cache.DeploymentCache.findDeployedLatestProcessDefinitionByKey(DeploymentCache.java:90)
	at org.camunda.bpm.engine.impl.cmd.GetDeployedProcessDefinitionCmd.findByKey(GetDeployedProcessDefinitionCmd.java:87)
	at org.camunda.bpm.engine.impl.cmd.GetDeployedProcessDefinitionCmd.find(GetDeployedProcessDefinitionCmd.java:74)
	at org.camunda.bpm.engine.impl.cmd.GetDeployedProcessDefinitionCmd.execute(GetDeployedProcessDefinitionCmd.java:56)
	at org.camunda.bpm.engine.impl.cmd.StartProcessInstanceCmd.execute(StartProcessInstanceCmd.java:50)
	at org.camunda.bpm.engine.impl.cmd.StartProcessInstanceCmd.execute(StartProcessInstanceCmd.java:38)
	at org.camunda.bpm.engine.impl.interceptor.CommandExecutorImpl.execute(CommandExecutorImpl.java:28)
	at org.camunda.bpm.engine.impl.interceptor.CommandContextInterceptor.execute(CommandContextInterceptor.java:110)
	at org.camunda.bpm.engine.impl.interceptor.ProcessApplicationContextInterceptor.execute(ProcessApplicationContextInterceptor.java:70)
	at org.camunda.bpm.engine.impl.interceptor.CommandCounterInterceptor.execute(CommandCounterInterceptor.java:35)
	at org.camunda.bpm.engine.impl.interceptor.LogInterceptor.execute(LogInterceptor.java:33)
	at org.camunda.bpm.engine.impl.ProcessInstantiationBuilderImpl.executeWithVariablesInReturn(ProcessInstantiationBuilderImpl.java:166)
	at org.camunda.bpm.engine.impl.ProcessInstantiationBuilderImpl.execute(ProcessInstantiationBuilderImpl.java:132)
	at org.camunda.bpm.engine.impl.ProcessInstantiationBuilderImpl.execute(ProcessInstantiationBuilderImpl.java:128)
	at org.camunda.bpm.engine.impl.RuntimeServiceImpl.startProcessInstanceByKey(RuntimeServiceImpl.java:112)
	at processtest.ProcessUnitTest.happyPathPOSTTest(ProcessUnitTest.java:35)
	at java.base/jdk.internal.reflect.NativeMethodAccessorImpl.invoke0(Native Method)
	at java.base/jdk.internal.reflect.NativeMethodAccessorImpl.invoke(NativeMethodAccessorImpl.java:77)
	at java.base/jdk.internal.reflect.DelegatingMethodAccessorImpl.invoke(DelegatingMethodAccessorImpl.java:43)
	at java.base/java.lang.reflect.Method.invoke(Method.java:568)
	at org.junit.runners.model.FrameworkMethod$1.runReflectiveCall(FrameworkMethod.java:59)
	at org.junit.internal.runners.model.ReflectiveCallable.run(ReflectiveCallable.java:12)
	at org.junit.runners.model.FrameworkMethod.invokeExplosively(FrameworkMethod.java:56)
	at org.junit.internal.runners.statements.InvokeMethod.evaluate(InvokeMethod.java:17)
	at org.junit.rules.TestWatcher$1.evaluate(TestWatcher.java:61)
	at org.camunda.bpm.engine.test.ProcessEngineRule$1.evaluate(ProcessEngineRule.java:185)
	at org.junit.runners.ParentRunner$3.evaluate(ParentRunner.java:306)
	at org.junit.runners.BlockJUnit4ClassRunner$1.evaluate(BlockJUnit4ClassRunner.java:100)
	at org.junit.runners.ParentRunner.runLeaf(ParentRunner.java:366)
	at org.junit.runners.BlockJUnit4ClassRunner.runChild(BlockJUnit4ClassRunner.java:103)
	at org.junit.runners.BlockJUnit4ClassRunner.runChild(BlockJUnit4ClassRunner.java:63)
	at org.junit.runners.ParentRunner$4.run(ParentRunner.java:331)
	at org.junit.runners.ParentRunner$1.schedule(ParentRunner.java:79)
	at org.junit.runners.ParentRunner.runChildren(ParentRunner.java:329)
	at org.junit.runners.ParentRunner.access$100(ParentRunner.java:66)
	at org.junit.runners.ParentRunner$2.evaluate(ParentRunner.java:293)
	at org.junit.runners.ParentRunner$3.evaluate(ParentRunner.java:306)
	at org.junit.runners.ParentRunner.run(ParentRunner.java:413)
	at org.junit.runner.JUnitCore.run(JUnitCore.java:137)
	at org.junit.runner.JUnitCore.run(JUnitCore.java:115)
	at org.junit.vintage.engine.execution.RunnerExecutor.execute(RunnerExecutor.java:42)
	at org.junit.vintage.engine.VintageTestEngine.executeAllChildren(VintageTestEngine.java:80)
	at org.junit.vintage.engine.VintageTestEngine.execute(VintageTestEngine.java:72)
	at org.junit.platform.launcher.core.EngineExecutionOrchestrator.execute(EngineExecutionOrchestrator.java:107)
	at org.junit.platform.launcher.core.EngineExecutionOrchestrator.execute(EngineExecutionOrchestrator.java:88)
	at org.junit.platform.launcher.core.EngineExecutionOrchestrator.lambda$execute$0(EngineExecutionOrchestrator.java:54)
	at org.junit.platform.launcher.core.EngineExecutionOrchestrator.withInterceptedStreams(EngineExecutionOrchestrator.java:67)
	at org.junit.platform.launcher.core.EngineExecutionOrchestrator.execute(EngineExecutionOrchestrator.java:52)
	at org.junit.platform.launcher.core.DefaultLauncher.execute(DefaultLauncher.java:114)
	at org.junit.platform.launcher.core.DefaultLauncher.execute(DefaultLauncher.java:86)
	at org.junit.platform.launcher.core.DefaultLauncherSession$DelegatingLauncher.execute(DefaultLauncherSession.java:86)
	at org.apache.maven.surefire.junitplatform.LazyLauncher.execute(LazyLauncher.java:50)
	at org.apache.maven.surefire.junitplatform.JUnitPlatformProvider.execute(JUnitPlatformProvider.java:184)
	at org.apache.maven.surefire.junitplatform.JUnitPlatformProvider.invokeAllTests(JUnitPlatformProvider.java:148)
	at org.apache.maven.surefire.junitplatform.JUnitPlatformProvider.invoke(JUnitPlatformProvider.java:122)
	at org.apache.maven.surefire.booter.ForkedBooter.runSuitesInProcess(ForkedBooter.java:385)
	at org.apache.maven.surefire.booter.ForkedBooter.execute(ForkedBooter.java:162)
	at org.apache.maven.surefire.booter.ForkedBooter.run(ForkedBooter.java:507)
	at org.apache.maven.surefire.booter.ForkedBooter.main(ForkedBooter.java:495)
]]></system-out>
  </testcase>
  <testcase name="failingPathTest" classname="processtest.ProcessUnitTest" time="0.205">
    <failure message="Expected exception: org.camunda.bpm.engine.ProcessEngineException" type="java.lang.AssertionError"><![CDATA[java.lang.AssertionError: Expected exception: org.camunda.bpm.engine.ProcessEngineException
	at org.junit.internal.runners.statements.ExpectException.evaluate(ExpectException.java:34)
	at org.junit.rules.TestWatcher$1.evaluate(TestWatcher.java:61)
	at org.camunda.bpm.engine.test.ProcessEngineRule$1.evaluate(ProcessEngineRule.java:185)
	at org.junit.runners.ParentRunner$3.evaluate(ParentRunner.java:306)
	at org.junit.runners.BlockJUnit4ClassRunner$1.evaluate(BlockJUnit4ClassRunner.java:100)
	at org.junit.runners.ParentRunner.runLeaf(ParentRunner.java:366)
	at org.junit.runners.BlockJUnit4ClassRunner.runChild(BlockJUnit4ClassRunner.java:103)
	at org.junit.runners.BlockJUnit4ClassRunner.runChild(BlockJUnit4ClassRunner.java:63)
	at org.junit.runners.ParentRunner$4.run(ParentRunner.java:331)
	at org.junit.runners.ParentRunner$1.schedule(ParentRunner.java:79)
	at org.junit.runners.ParentRunner.runChildren(ParentRunner.java:329)
	at org.junit.runners.ParentRunner.access$100(ParentRunner.java:66)
	at org.junit.runners.ParentRunner$2.evaluate(ParentRunner.java:293)
	at org.junit.runners.ParentRunner$3.evaluate(ParentRunner.java:306)
	at org.junit.runners.ParentRunner.run(ParentRunner.java:413)
	at org.junit.runner.JUnitCore.run(JUnitCore.java:137)
	at org.junit.runner.JUnitCore.run(JUnitCore.java:115)
	at org.junit.vintage.engine.execution.RunnerExecutor.execute(RunnerExecutor.java:42)
	at org.junit.vintage.engine.VintageTestEngine.executeAllChildren(VintageTestEngine.java:80)
	at org.junit.vintage.engine.VintageTestEngine.execute(VintageTestEngine.java:72)
	at org.junit.platform.launcher.core.EngineExecutionOrchestrator.execute(EngineExecutionOrchestrator.java:107)
	at org.junit.platform.launcher.core.EngineExecutionOrchestrator.execute(EngineExecutionOrchestrator.java:88)
	at org.junit.platform.launcher.core.EngineExecutionOrchestrator.lambda$execute$0(EngineExecutionOrchestrator.java:54)
	at org.junit.platform.launcher.core.EngineExecutionOrchestrator.withInterceptedStreams(EngineExecutionOrchestrator.java:67)
	at org.junit.platform.launcher.core.EngineExecutionOrchestrator.execute(EngineExecutionOrchestrator.java:52)
	at org.junit.platform.launcher.core.DefaultLauncher.execute(DefaultLauncher.java:114)
	at org.junit.platform.launcher.core.DefaultLauncher.execute(DefaultLauncher.java:86)
	at org.junit.platform.launcher.core.DefaultLauncherSession$DelegatingLauncher.execute(DefaultLauncherSession.java:86)
	at org.apache.maven.surefire.junitplatform.LazyLauncher.execute(LazyLauncher.java:50)
	at org.apache.maven.surefire.junitplatform.JUnitPlatformProvider.execute(JUnitPlatformProvider.java:184)
	at org.apache.maven.surefire.junitplatform.JUnitPlatformProvider.invokeAllTests(JUnitPlatformProvider.java:148)
	at org.apache.maven.surefire.junitplatform.JUnitPlatformProvider.invoke(JUnitPlatformProvider.java:122)
	at org.apache.maven.surefire.booter.ForkedBooter.runSuitesInProcess(ForkedBooter.java:385)
	at org.apache.maven.surefire.booter.ForkedBooter.execute(ForkedBooter.java:162)
	at org.apache.maven.surefire.booter.ForkedBooter.run(ForkedBooter.java:507)
	at org.apache.maven.surefire.booter.ForkedBooter.main(ForkedBooter.java:495)
]]></failure>
    <system-out><![CDATA[Response is :
{}
]]></system-out>
  </testcase>
</testsuite>